Build started 2014-01-19 16:27:07.
     1>Project "C:\Users\Ja\Documents\Visual Studio 2010\Projects\Newton\Newton.vcxproj" on node 2 (build target(s)).
     1>InitializeBuildStatus:
         Creating "Debug\Newton.unsuccessfulbuild" because "AlwaysCreate" was specified.
       ClCompile:
         All outputs are up-to-date.
         C:\Program Files (x86)\Microsoft Visual Studio 10.0\VC\bin\CL.exe /c /ZI /nologo /W3 /WX- /Od /Oy- /D WIN32 /D _DEBUG /D _CONSOLE /D _UNICODE /D UNICODE /Gm /EHsc /RTC1 /MDd /GS /fp:precise /Zc:wchar_t /Zc:forScope /openmp /Yu"StdAfx.h" /Fp"Debug\Newton.pch" /Fo"Debug\\" /Fd"Debug\vc100.pdb" /Gd /TP /analyze- /errorReport:prompt Newton.cpp
         Newton.cpp
       ManifestResourceCompile:
         All outputs are up-to-date.
       Link:
         C:\Program Files (x86)\Microsoft Visual Studio 10.0\VC\bin\link.exe /ERRORREPORT:PROMPT /OUT:"C:\Users\Ja\Documents\Visual Studio 2010\Projects\Newton\Debug\Newton.exe" /INCREMENTAL /NOLOGO vcompd.lib kernel32.lib user32.lib gdi32.lib winspool.lib comdlg32.lib advapi32.lib shell32.lib ole32.lib oleaut32.lib uuid.lib odbc32.lib odbccp32.lib /NODEFAULTLIB:vcompd.lib /MANIFEST /ManifestFile:"Debug\Newton.exe.intermediate.manifest" /MANIFESTUAC:"level='asInvoker' uiAccess='false'" /DEBUG /PDB:"C:\Users\Ja\Documents\Visual Studio 2010\Projects\Newton\Debug\Newton.pdb" /SUBSYSTEM:CONSOLE /TLBID:1 /DYNAMICBASE /NXCOMPAT /IMPLIB:"C:\Users\Ja\Documents\Visual Studio 2010\Projects\Newton\Debug\Newton.lib" /MACHINE:X86 Debug\Newton.exe.embed.manifest.res
         Debug\Newton.obj
         Debug\stdafx.obj
       Manifest:
         C:\Program Files (x86)\Microsoft SDKs\Windows\v7.0A\bin\mt.exe /nologo /verbose /out:"Debug\Newton.exe.embed.manifest" /manifest Debug\Newton.exe.intermediate.manifest
         All outputs are up-to-date.
       LinkEmbedManifest:
         All outputs are up-to-date.
         Newton.vcxproj -> C:\Users\Ja\Documents\Visual Studio 2010\Projects\Newton\Debug\Newton.exe
       FinalizeBuildStatus:
         Deleting file "Debug\Newton.unsuccessfulbuild".
         Touching "Debug\Newton.lastbuildstate".
     1>Done Building Project "C:\Users\Ja\Documents\Visual Studio 2010\Projects\Newton\Newton.vcxproj" (build target(s)).

Build succeeded.

Time Elapsed 00:00:00.70
